---------------------------------------
Begin Slurm Prolog: Jul-28-2025 16:57:49
Job ID:    6157358
User ID:   spatel776
Account:   gts-mroozbahani3
Job name:  clip_train
Partition: gpu-rtx6000
QOS:       inferno
---------------------------------------
Using device: cuda:0
Namespace(name='CLIP_frozen_16_epochs_5e-3_lr', seed=42, num_class=4, train='../data/labels/label_final_train.tsv', dev='../data/labels/label_final_val.tsv', test='../data/labels/label_final_test.tsv', out_file='out/CLIP_frozen_16_epochs_5e-3_lr.json', sep='\t', data_dir='../data/images/', best_state_path='models/best.pth', fig_dir='out/figures/CLIP_frozen_16_epochs_5e-3_lr', checkpoint_dir='out/models', arch='clip_vitb32', batch_size=32, learning_rate=0.005, weight_decay=0, num_epochs=16, use_rand_augment=True, keep_frozen=True, rand_augment_n=2, rand_augment_m=9, three_class=False)
---------------------------------------
Begin Slurm Epilog: Jul-28-2025 19:00:06
Job ID:        6157358
User ID:       spatel776
Account:       gts-mroozbahani3
Job name:      clip_train
Resources:     cpu=12,gres/gpu:rtx_6000=2,mem=64G,node=1
Rsrc Used:     cput=1-00:27:36,vmem=0,walltime=02:02:18,mem=7461900K,energy_used=0
Partition:     gpu-rtx6000
QOS:           inferno
Nodes:         atl1-1-02-004-29-0
---------------------------------------
