---------------------------------------
Begin Slurm Prolog: Jul-28-2025 16:41:46
Job ID:    6155474
User ID:   spatel776
Account:   gts-mroozbahani3
Job name:  clip_train
Partition: gpu-rtx6000
QOS:       inferno
---------------------------------------
Using device: cuda:0
---------------------------------------
Begin Slurm Epilog: Jul-28-2025 16:50:54
Job ID:        6155474
User ID:       spatel776
Account:       gts-mroozbahani3
Job name:      clip_train
Resources:     cpu=12,gres/gpu:rtx_6000=2,mem=64G,node=1
Rsrc Used:     cput=01:49:48,vmem=0,walltime=00:09:09,mem=493180K,energy_used=0
Partition:     gpu-rtx6000
QOS:           inferno
Nodes:         atl1-1-02-004-35-0
---------------------------------------
